0 info it worked if it ends with ok
1 verbose cli [ 'C:\\Program Files\\nodejs\\node.exe',
1 verbose cli   'C:\\Program Files\\nodejs\\node_modules\\npm\\bin\\npm-cli.js',
1 verbose cli   'run',
1 verbose cli   'production' ]
2 info using npm@3.10.10
3 info using node@v6.17.1
4 verbose run-script [ 'preproduction', 'production', 'postproduction' ]
5 info lifecycle project@0.0.0~preproduction: project@0.0.0
6 silly lifecycle project@0.0.0~preproduction: no script for preproduction, continuing
7 info lifecycle project@0.0.0~production: project@0.0.0
8 verbose lifecycle project@0.0.0~production: unsafe-perm in lifecycle true
9 verbose lifecycle project@0.0.0~production: PATH: C:\Users\Rhan_pc\AppData\Roaming\nvm\v6.17.1\node_modules\npm\bin\node-gyp-bin;C:\srsnode\CSA_PROJECT\node_modules\.bin;C:\Windows\system32;C:\Windows;C:\Windows\System32\Wbem;C:\Windows\System32\WindowsPowerShell\v1.0\;C:\xampp\php;C:\Users\Rhan_pc\AppData\Roaming\nvm;C:\Program Files\nodejs;C:\Program Files\Git\cmd;C:\Program Files\PuTTY\;C:\Users\Rhan_pc\AppData\Roaming\npm;C:\Users\Rhan_pc\AppData\Local\Programs\Microsoft VS Code\bin;C:\Users\Rhan_pc\AppData\Roaming\nvm;C:\Program Files\nodejs
10 verbose lifecycle project@0.0.0~production: CWD: C:\srsnode\CSA_PROJECT
11 silly lifecycle project@0.0.0~production: Args: [ '/d /s /c', 'pm2 start ./bin/www' ]
12 silly lifecycle project@0.0.0~production: Returned: code: 1  signal: null
13 info lifecycle project@0.0.0~production: Failed to exec production script
14 verbose stack Error: project@0.0.0 production: `pm2 start ./bin/www`
14 verbose stack Exit status 1
14 verbose stack     at EventEmitter.<anonymous> (C:\Users\Rhan_pc\AppData\Roaming\nvm\v6.17.1\node_modules\npm\lib\utils\lifecycle.js:255:16)
14 verbose stack     at emitTwo (events.js:106:13)
14 verbose stack     at EventEmitter.emit (events.js:191:7)
14 verbose stack     at ChildProcess.<anonymous> (C:\Users\Rhan_pc\AppData\Roaming\nvm\v6.17.1\node_modules\npm\lib\utils\spawn.js:40:14)
14 verbose stack     at emitTwo (events.js:106:13)
14 verbose stack     at ChildProcess.emit (events.js:191:7)
14 verbose stack     at maybeClose (internal/child_process.js:920:16)
14 verbose stack     at Process.ChildProcess._handle.onexit (internal/child_process.js:230:5)
15 verbose pkgid project@0.0.0
16 verbose cwd C:\srsnode\CSA_PROJECT
17 error Windows_NT 10.0.10240
18 error argv "C:\\Program Files\\nodejs\\node.exe" "C:\\Program Files\\nodejs\\node_modules\\npm\\bin\\npm-cli.js" "run" "production"
19 error node v6.17.1
20 error npm  v3.10.10
21 error code ELIFECYCLE
22 error project@0.0.0 production: `pm2 start ./bin/www`
22 error Exit status 1
23 error Failed at the project@0.0.0 production script 'pm2 start ./bin/www'.
23 error Make sure you have the latest version of node.js and npm installed.
23 error If you do, this is most likely a problem with the project package,
23 error not with npm itself.
23 error Tell the author that this fails on your system:
23 error     pm2 start ./bin/www
23 error You can get information on how to open an issue for this project with:
23 error     npm bugs project
23 error Or if that isn't available, you can get their info via:
23 error     npm owner ls project
23 error There is likely additional logging output above.
24 verbose exit [ 1, true ]
